INFO: [VRFC 10-2263] Analyzing Verilog file "/auto/fsi/nrbenn14/ECEn_220/labs/lab_09/clk_generator.v" into library xil_defaultlib
INFO: [VRFC 10-311] analyzing module clk_generator
INFO: [VRFC 10-2263] Analyzing SystemVerilog file "/auto/fsi/nrbenn14/ECEn_220/labs/lab_09/CharDrawer_serial.sv" into library xil_defaultlib
INFO: [VRFC 10-311] analyzing module CharDrawer_serial
INFO: [VRFC 10-2263] Analyzing SystemVerilog file "/auto/fsi/nrbenn14/ECEn_220/labs/lab_09/Codebreaker.sv" into library xil_defaultlib
INFO: [VRFC 10-311] analyzing module Codebreaker
INFO: [VRFC 10-2263] Analyzing SystemVerilog file "/auto/fsi/nrbenn14/ECEn_220/labs/lab_09/SevenSegmentControl.sv" into library xil_defaultlib
INFO: [VRFC 10-311] analyzing module SevenSegmentControl
INFO: [VRFC 10-2263] Analyzing SystemVerilog file "/auto/fsi/nrbenn14/ECEn_220/labs/lab_09/decrypt_rc4.sv" into library xil_defaultlib
INFO: [VRFC 10-311] analyzing module decrypt_rc4
INFO: [VRFC 10-311] analyzing module dual_port_ram
INFO: [VRFC 10-2263] Analyzing SystemVerilog file "/auto/fsi/nrbenn14/ECEn_220/labs/lab_09/mod_counter.sv" into library xil_defaultlib
INFO: [VRFC 10-311] analyzing module mod_counter
INFO: [VRFC 10-2263] Analyzing SystemVerilog file "/auto/fsi/nrbenn14/ECEn_220/labs/lab_09/stopwatch.sv" into library xil_defaultlib
INFO: [VRFC 10-311] analyzing module stopwatch
INFO: [VRFC 10-2263] Analyzing SystemVerilog file "/auto/fsi/nrbenn14/ECEn_220/labs/lab_09/tx.sv" into library xil_defaultlib
INFO: [VRFC 10-311] analyzing module tx
INFO: [VRFC 10-2263] Analyzing SystemVerilog file "/auto/fsi/nrbenn14/ECEn_220/labs/lab_09/codebreaker_serial_top.sv" into library xil_defaultlib
INFO: [VRFC 10-311] analyzing module codebreaker_serial_top
INFO: [VRFC 10-2263] Analyzing Verilog file "/auto/fsi/nrbenn14/ECEn_220/labs/lab_09/lab_09.sim/sim_1/behav/xsim/glbl.v" into library xil_defaultlib
INFO: [VRFC 10-311] analyzing module glbl
